<?xml version="1.0" encoding="UTF-8"?>
<!-- Generated by org.testng.reporters.JUnitReportReporter -->
<testsuite hostname="Anvitha" failures="0" tests="2" name="test.java.tests.CheckoutTests" time="16.790" errors="0" timestamp="2025-08-10T15:23:47 IST" skipped="0">
  <testcase classname="test.java.tests.CheckoutTests" name="placeOrderWithValidDetails" time="6.688"/>
  <testcase classname="test.java.tests.CheckoutTests" name="checkoutWithoutAddingItems" time="10.102"/>
</testsuite> <!-- test.java.tests.CheckoutTests -->
