<?xml version="1.0" encoding="UTF-8"?>
<!-- Generated by org.testng.reporters.JUnitReportReporter -->
<testsuite hostname="Anvitha" failures="0" tests="3" name="test.java.tests.LoginTests" time="15.015" errors="0" timestamp="2025-08-10T15:23:46 IST" skipped="0">
  <testcase classname="test.java.tests.LoginTests" name="loginWithEmptyUsernamePassword" time="4.061"/>
  <testcase classname="test.java.tests.LoginTests" name="loginWithInvalidCredentials" time="5.519"/>
  <testcase classname="test.java.tests.LoginTests" name="loginWithValidCredentials" time="5.435"/>
</testsuite> <!-- test.java.tests.LoginTests -->
