<?xml version="1.0" encoding="UTF-8"?>
<!-- Generated by org.testng.reporters.JUnitReportReporter -->
<testsuite hostname="Anvitha" failures="0" tests="1" name="test.java.tests.CartTests" time="5.907" errors="0" timestamp="2025-08-10T00:40:55 IST" skipped="0">
  <testcase classname="test.java.tests.CartTests" name="removeItemFromCart" time="5.907"/>
</testsuite> <!-- test.java.tests.CartTests -->
