<?xml version="1.0" encoding="UTF-8"?>
<!-- Generated by org.testng.reporters.JUnitReportReporter -->
<testsuite hostname="Anvitha" failures="0" tests="1" name="main.java.pages.LoginPage" time="5.351" errors="0" timestamp="2025-08-08T17:27:41 IST" skipped="0">
  <testcase classname="main.java.pages.LoginPage" name="verifyTitle" time="5.351"/>
</testsuite> <!-- main.java.pages.LoginPage -->
