<?xml version="1.0" encoding="UTF-8"?>
<!-- Generated by org.testng.reporters.JUnitReportReporter -->
<testsuite hostname="Anvitha" failures="0" tests="3" name="test.java.tests.AddToCartTests" time="16.509" errors="0" timestamp="2025-08-10T15:23:47 IST" skipped="0">
  <testcase classname="test.java.tests.AddToCartTests" name="addMultipleItemsToCartAndVerifyCount" time="5.882"/>
  <testcase classname="test.java.tests.AddToCartTests" name="removeItemFromCart" time="5.156"/>
  <testcase classname="test.java.tests.AddToCartTests" name="addSingleItemToCart" time="5.471"/>
</testsuite> <!-- test.java.tests.AddToCartTests -->
