<?xml version="1.0" encoding="UTF-8"?>
<!-- Generated by org.testng.reporters.JUnitReportReporter -->
<testsuite hostname="Anvitha" failures="0" tests="10" name="test.java.RestAPITesting" time="17.884" errors="0" timestamp="2025-08-16T23:31:33 IST" skipped="0">
  <testcase classname="test.java.RestAPITesting" name="testAddNewUser" time="4.129"/>
  <testcase classname="test.java.RestAPITesting" name="testGetUserProfile" time="1.483"/>
  <testcase classname="test.java.RestAPITesting" name="testUpdateUser" time="1.574"/>
  <testcase classname="test.java.RestAPITesting" name="Login" time="1.506"/>
  <testcase classname="test.java.RestAPITesting" name="testAddContact" time="1.486"/>
  <testcase classname="test.java.RestAPITesting" name="testGetContactList" time="1.509"/>
  <testcase classname="test.java.RestAPITesting" name="testGetContactById" time="1.657"/>
  <testcase classname="test.java.RestAPITesting" name="testUpdateContact" time="1.521"/>
  <testcase classname="test.java.RestAPITesting" name="testPatchUpdateContact" time="1.486"/>
  <testcase classname="test.java.RestAPITesting" name="testLogoutUser" time="1.533"/>
</testsuite> <!-- test.java.RestAPITesting -->
