<?xml version="1.0" encoding="UTF-8"?>
<!-- Generated by org.testng.reporters.JUnitReportReporter -->
<testsuite hostname="Anvitha" failures="0" tests="4" name="test.java.tests.SearchUserTests" time="48.641" errors="0" timestamp="2025-08-11T22:12:13 IST" skipped="0">
  <testcase classname="test.java.tests.SearchUserTests" name="searchByUserStatusDropdown" time="11.780"/>
  <testcase classname="test.java.tests.SearchUserTests" name="searchByUserRoleDropdown" time="12.342"/>
  <testcase classname="test.java.tests.SearchUserTests" name="searchByUserStatusDropdownDisabled" time="12.153"/>
  <testcase classname="test.java.tests.SearchUserTests" name="searchByUserName" time="12.366"/>
</testsuite> <!-- test.java.tests.SearchUserTests -->
