<?xml version="1.0" encoding="UTF-8"?>
<!-- Generated by org.testng.reporters.JUnitReportReporter -->
<testsuite hostname="Anvitha" failures="0" tests="5" name="test.java.tests.LoginTests" time="65.827" errors="0" timestamp="2025-08-11T23:17:50 IST" skipped="0">
  <testcase classname="test.java.tests.LoginTests" name="loginTest" time="12.328"/>
  <testcase classname="test.java.tests.LoginTests" name="loginTest" time="13.273"/>
  <testcase classname="test.java.tests.LoginTests" name="loginTest" time="13.403"/>
  <testcase classname="test.java.tests.LoginTests" name="loginTest" time="12.501"/>
  <testcase classname="test.java.tests.LoginTests" name="loginTest" time="14.322"/>
</testsuite> <!-- test.java.tests.LoginTests -->
