<?xml version="1.0" encoding="UTF-8"?>
<!-- Generated by org.testng.reporters.JUnitReportReporter -->
<testsuite hostname="Anvitha" failures="0" tests="4" name="test.java.tests.SearchUserTests" time="49.051" errors="0" timestamp="2025-08-11T23:17:50 IST" skipped="0">
  <testcase classname="test.java.tests.SearchUserTests" name="searchByUserName" time="12.242"/>
  <testcase classname="test.java.tests.SearchUserTests" name="searchByUserRoleDropdown" time="12.439"/>
  <testcase classname="test.java.tests.SearchUserTests" name="searchByUserStatusDropdown" time="12.399"/>
  <testcase classname="test.java.tests.SearchUserTests" name="searchByUserStatusDropdownDisabled" time="11.971"/>
</testsuite> <!-- test.java.tests.SearchUserTests -->
