<?xml version="1.0" encoding="UTF-8"?>
<!-- Generated by org.testng.reporters.JUnitReportReporter -->
<testsuite hostname="Anvitha" failures="0" tests="1" name="test.java.tests.DashboardTests" time="8.855" errors="0" timestamp="2025-08-11T09:51:16 IST" skipped="0">
  <testcase classname="test.java.tests.DashboardTests" name="checkLeftMenuItemsCount" time="8.855"/>
</testsuite> <!-- test.java.tests.DashboardTests -->
