<?xml version="1.0" encoding="UTF-8"?>
<!-- Generated by org.testng.reporters.JUnitReportReporter -->
<testsuite hostname="Anvitha" failures="0" tests="1" name="test.java.tests.LoginTests" time="12.619" errors="0" timestamp="2025-08-11T22:12:13 IST" skipped="0">
  <testcase classname="test.java.tests.LoginTests" name="loginTest" time="12.619"/>
</testsuite> <!-- test.java.tests.LoginTests -->
