<?xml version="1.0" encoding="UTF-8"?>
<!-- Generated by org.testng.reporters.JUnitReportReporter -->
<testsuite hostname="Anvitha" failures="0" tests="1" name="test.java.tests.SearchUserTests" time="13.448" errors="0" timestamp="2025-08-11T22:05:17 IST" skipped="0">
  <testcase classname="test.java.tests.SearchUserTests" name="searchByUserStatusDropdownDisabled" time="13.448"/>
</testsuite> <!-- test.java.tests.SearchUserTests -->
